2026-03-24 18:21:49,881 - INFO - Arguments: Namespace(dataset='yoochoose1_64', batchSize=100, hiddenSize=100, epoch=30, lr=0.001, lr_dc=0.1, lr_dc_step=3, l2=1e-05, step=1, patience=10, nonhybrid=False, validation=False, valid_portion=0.1)
2026-03-24 18:22:04,139 - INFO - -------------------------------------------------------
2026-03-24 18:22:04,140 - INFO - epoch: 0
2026-03-24 18:22:04,140 - INFO - start training: 2026-03-24 18:22:04.140212
2026-03-24 18:22:05,309 - INFO - [0/3699] Loss: 10.5387
2026-03-24 18:24:55,462 - INFO - [740/3699] Loss: 6.4944
2026-03-24 18:27:40,456 - INFO - [1480/3699] Loss: 5.7473
2026-03-24 18:33:03,028 - INFO - [2220/3699] Loss: 5.3072
2026-03-24 19:16:29,303 - INFO - [2960/3699] Loss: 5.1042
2026-03-24 19:22:23,259 - INFO - 	Loss:	21569.475
2026-03-24 19:22:23,259 - INFO - start predicting: 2026-03-24 19:22:23.259608
2026-03-24 19:23:44,111 - INFO - Best Result:
2026-03-24 19:23:44,111 - INFO - 	Recall@20:	65.2259	MMR@20:	26.6059	Epoch:	0,	0
2026-03-24 19:23:44,112 - INFO - -------------------------------------------------------
2026-03-24 19:23:44,112 - INFO - epoch: 1
2026-03-24 19:23:44,112 - INFO - start training: 2026-03-24 19:23:44.112358
2026-03-24 19:23:45,235 - INFO - [0/3699] Loss: 4.5515
2026-03-24 19:29:23,143 - INFO - [740/3699] Loss: 4.5371
2026-03-24 19:35:08,508 - INFO - [1480/3699] Loss: 4.8804
2026-03-24 19:40:47,648 - INFO - [2220/3699] Loss: 4.6713
2026-03-24 19:46:33,452 - INFO - [2960/3699] Loss: 4.5909
2026-03-24 19:52:08,850 - INFO - 	Loss:	16722.633
2026-03-24 19:52:08,850 - INFO - start predicting: 2026-03-24 19:52:08.850776
2026-03-24 19:53:26,328 - INFO - Best Result:
2026-03-24 19:53:26,328 - INFO - 	Recall@20:	68.8808	MMR@20:	28.9083	Epoch:	1,	1
2026-03-24 19:53:26,328 - INFO - -------------------------------------------------------
2026-03-24 19:53:26,328 - INFO - epoch: 2
2026-03-24 19:53:26,328 - INFO - start training: 2026-03-24 19:53:26.328514
2026-03-24 19:53:27,434 - INFO - [0/3699] Loss: 4.2297
2026-03-24 19:59:01,348 - INFO - [740/3699] Loss: 4.2633
2026-03-24 20:04:26,897 - INFO - [1480/3699] Loss: 3.9527
2026-03-24 20:10:11,078 - INFO - [2220/3699] Loss: 4.4610
2026-03-24 20:15:43,643 - INFO - [2960/3699] Loss: 4.1485
2026-03-24 20:36:26,441 - INFO - 	Loss:	15650.227
2026-03-24 20:36:26,441 - INFO - start predicting: 2026-03-24 20:36:26.441775
2026-03-24 20:37:57,623 - INFO - Best Result:
2026-03-24 20:37:57,624 - INFO - 	Recall@20:	69.1706	MMR@20:	29.5257	Epoch:	2,	2
2026-03-24 20:37:57,624 - INFO - -------------------------------------------------------
2026-03-24 20:37:57,624 - INFO - epoch: 3
2026-03-24 20:37:57,624 - INFO - start training: 2026-03-24 20:37:57.624345
2026-03-24 20:37:59,428 - INFO - [0/3699] Loss: 3.9159
2026-03-24 20:45:43,210 - INFO - [740/3699] Loss: 3.7487
2026-03-24 20:52:23,718 - INFO - [1480/3699] Loss: 3.7725
2026-03-24 20:58:22,680 - INFO - [2220/3699] Loss: 3.6928
2026-03-24 21:05:21,530 - INFO - [2960/3699] Loss: 3.7938
2026-03-24 21:12:09,240 - INFO - 	Loss:	14079.809
2026-03-24 21:12:09,240 - INFO - start predicting: 2026-03-24 21:12:09.240614
2026-03-24 21:13:38,195 - INFO - Best Result:
2026-03-24 21:13:38,195 - INFO - 	Recall@20:	70.3871	MMR@20:	30.7922	Epoch:	3,	3
2026-03-24 21:13:38,195 - INFO - -------------------------------------------------------
2026-03-24 21:13:38,195 - INFO - epoch: 4
2026-03-24 21:13:38,195 - INFO - start training: 2026-03-24 21:13:38.195708
2026-03-24 21:13:41,034 - INFO - [0/3699] Loss: 3.4420
2026-03-24 21:20:45,754 - INFO - [740/3699] Loss: 3.5967
2026-03-24 21:27:35,603 - INFO - [1480/3699] Loss: 3.8410
2026-03-24 21:34:17,320 - INFO - [2220/3699] Loss: 3.9087
2026-03-24 21:41:04,370 - INFO - [2960/3699] Loss: 3.7089
2026-03-24 21:48:12,886 - INFO - 	Loss:	13755.711
2026-03-24 21:48:12,886 - INFO - start predicting: 2026-03-24 21:48:12.886428
2026-03-24 21:49:48,906 - INFO - Best Result:
2026-03-24 21:49:48,907 - INFO - 	Recall@20:	70.5249	MMR@20:	30.8396	Epoch:	4,	4
2026-03-24 21:49:48,907 - INFO - -------------------------------------------------------
2026-03-24 21:49:48,907 - INFO - epoch: 5
2026-03-24 21:49:48,907 - INFO - start training: 2026-03-24 21:49:48.907463
2026-03-24 21:49:50,042 - INFO - [0/3699] Loss: 3.4382
2026-03-24 21:57:10,152 - INFO - [740/3699] Loss: 3.4644
2026-03-24 22:04:20,606 - INFO - [1480/3699] Loss: 3.8547
2026-03-24 22:10:16,084 - INFO - [2220/3699] Loss: 3.4186
2026-03-24 22:15:55,165 - INFO - [2960/3699] Loss: 3.9073
2026-03-24 22:21:35,463 - INFO - 	Loss:	13587.168
2026-03-24 22:21:35,468 - INFO - start predicting: 2026-03-24 22:21:35.468958
2026-03-24 22:22:52,972 - INFO - Best Result:
2026-03-24 22:22:52,972 - INFO - 	Recall@20:	70.5249	MMR@20:	30.8773	Epoch:	4,	5
2026-03-24 22:22:52,972 - INFO - -------------------------------------------------------
2026-03-24 22:22:52,973 - INFO - epoch: 6
2026-03-24 22:22:52,973 - INFO - start training: 2026-03-24 22:22:52.973135
2026-03-24 22:22:54,067 - INFO - [0/3699] Loss: 3.8571
2026-03-24 22:28:37,043 - INFO - [740/3699] Loss: 3.7076
2026-03-24 22:34:19,067 - INFO - [1480/3699] Loss: 3.5669
2026-03-24 22:40:00,362 - INFO - [2220/3699] Loss: 3.2517
2026-03-24 22:45:42,026 - INFO - [2960/3699] Loss: 3.2400
2026-03-24 22:51:18,265 - INFO - 	Loss:	13294.950
2026-03-24 22:51:18,265 - INFO - start predicting: 2026-03-24 22:51:18.265928
2026-03-24 22:52:35,531 - INFO - Best Result:
2026-03-24 22:52:35,531 - INFO - 	Recall@20:	70.5249	MMR@20:	30.8773	Epoch:	4,	5
2026-03-24 22:52:35,531 - INFO - -------------------------------------------------------
2026-03-24 22:52:35,531 - INFO - epoch: 7
2026-03-24 22:52:35,531 - INFO - start training: 2026-03-24 22:52:35.531635
2026-03-24 22:52:36,581 - INFO - [0/3699] Loss: 3.4228
2026-03-24 22:58:05,735 - INFO - [740/3699] Loss: 3.6117
2026-03-24 23:03:49,148 - INFO - [1480/3699] Loss: 3.2643
2026-03-24 23:09:27,331 - INFO - [2220/3699] Loss: 3.8128
2026-03-24 23:15:12,633 - INFO - [2960/3699] Loss: 4.1684
2026-03-24 23:21:01,249 - INFO - 	Loss:	13268.681
2026-03-24 23:21:01,249 - INFO - start predicting: 2026-03-24 23:21:01.249353
2026-03-24 23:22:18,525 - INFO - Best Result:
2026-03-24 23:22:18,525 - INFO - 	Recall@20:	70.5249	MMR@20:	30.8773	Epoch:	4,	5
2026-03-24 23:22:18,525 - INFO - -------------------------------------------------------
2026-03-24 23:22:18,525 - INFO - epoch: 8
2026-03-24 23:22:18,525 - INFO - start training: 2026-03-24 23:22:18.525492
2026-03-24 23:22:19,701 - INFO - [0/3699] Loss: 3.7090
2026-03-24 23:28:01,915 - INFO - [740/3699] Loss: 3.5977
2026-03-24 23:33:44,329 - INFO - [1480/3699] Loss: 3.4135
2026-03-24 23:39:21,256 - INFO - [2220/3699] Loss: 3.7232
2026-03-24 23:45:02,738 - INFO - [2960/3699] Loss: 3.7716
2026-03-24 23:50:41,791 - INFO - 	Loss:	13248.470
2026-03-24 23:50:41,791 - INFO - start predicting: 2026-03-24 23:50:41.791683
2026-03-24 23:51:58,996 - INFO - Best Result:
2026-03-24 23:51:58,997 - INFO - 	Recall@20:	70.5249	MMR@20:	30.8773	Epoch:	4,	5
2026-03-24 23:51:58,997 - INFO - -------------------------------------------------------
2026-03-24 23:51:58,997 - INFO - epoch: 9
2026-03-24 23:51:58,997 - INFO - start training: 2026-03-24 23:51:58.997330
2026-03-24 23:52:00,166 - INFO - [0/3699] Loss: 3.5308
2026-03-24 23:57:38,796 - INFO - [740/3699] Loss: 3.6025
2026-03-25 00:03:37,682 - INFO - [1480/3699] Loss: 3.6405
2026-03-25 00:09:11,212 - INFO - [2220/3699] Loss: 3.7500
2026-03-25 00:14:55,016 - INFO - [2960/3699] Loss: 3.6460
2026-03-25 00:20:31,822 - INFO - 	Loss:	13211.721
2026-03-25 00:20:31,822 - INFO - start predicting: 2026-03-25 00:20:31.822646
2026-03-25 00:21:49,092 - INFO - Best Result:
2026-03-25 00:21:49,092 - INFO - 	Recall@20:	70.5249	MMR@20:	30.8773	Epoch:	4,	5
2026-03-25 00:21:49,092 - INFO - -------------------------------------------------------
2026-03-25 00:21:49,092 - INFO - epoch: 10
2026-03-25 00:21:49,092 - INFO - start training: 2026-03-25 00:21:49.092831
2026-03-25 00:21:50,327 - INFO - [0/3699] Loss: 3.0564
2026-03-25 00:27:22,791 - INFO - [740/3699] Loss: 3.7889
2026-03-25 00:33:04,971 - INFO - [1480/3699] Loss: 3.2796
2026-03-25 00:38:50,172 - INFO - [2220/3699] Loss: 3.1707
2026-03-25 00:44:30,558 - INFO - [2960/3699] Loss: 3.2765
2026-03-25 00:50:10,913 - INFO - 	Loss:	13209.724
2026-03-25 00:50:10,913 - INFO - start predicting: 2026-03-25 00:50:10.913419
2026-03-25 00:51:28,686 - INFO - Best Result:
2026-03-25 00:51:28,686 - INFO - 	Recall@20:	70.5249	MMR@20:	30.8773	Epoch:	4,	5
2026-03-25 00:51:28,686 - INFO - -------------------------------------------------------
2026-03-25 00:51:28,686 - INFO - epoch: 11
2026-03-25 00:51:28,686 - INFO - start training: 2026-03-25 00:51:28.686487
2026-03-25 00:51:29,735 - INFO - [0/3699] Loss: 3.4857
2026-03-25 00:57:07,962 - INFO - [740/3699] Loss: 3.3780
2026-03-25 01:02:47,726 - INFO - [1480/3699] Loss: 3.7236
2026-03-25 01:08:28,932 - INFO - [2220/3699] Loss: 3.7112
2026-03-25 01:14:07,751 - INFO - [2960/3699] Loss: 3.2372
2026-03-25 01:19:50,585 - INFO - 	Loss:	13207.957
2026-03-25 01:19:50,591 - INFO - start predicting: 2026-03-25 01:19:50.591005
2026-03-25 01:21:07,661 - INFO - Best Result:
2026-03-25 01:21:07,661 - INFO - 	Recall@20:	70.5249	MMR@20:	30.8773	Epoch:	4,	5
2026-03-25 01:21:07,662 - INFO - -------------------------------------------------------
2026-03-25 01:21:07,662 - INFO - epoch: 12
2026-03-25 01:21:07,662 - INFO - start training: 2026-03-25 01:21:07.662227
2026-03-25 01:21:08,947 - INFO - [0/3699] Loss: 3.6562
2026-03-25 01:26:46,926 - INFO - [740/3699] Loss: 4.0283
2026-03-25 01:32:20,626 - INFO - [1480/3699] Loss: 3.2964
2026-03-25 01:38:04,883 - INFO - [2220/3699] Loss: 3.8270
2026-03-25 01:43:42,648 - INFO - [2960/3699] Loss: 3.4967
2026-03-25 01:49:25,696 - INFO - 	Loss:	13203.961
2026-03-25 01:49:25,701 - INFO - start predicting: 2026-03-25 01:49:25.701666
2026-03-25 01:50:42,786 - INFO - Best Result:
2026-03-25 01:50:42,786 - INFO - 	Recall@20:	70.5249	MMR@20:	30.8773	Epoch:	4,	5
2026-03-25 01:50:42,786 - INFO - -------------------------------------------------------
2026-03-25 01:50:42,786 - INFO - epoch: 13
2026-03-25 01:50:42,786 - INFO - start training: 2026-03-25 01:50:42.786977
2026-03-25 01:50:43,914 - INFO - [0/3699] Loss: 3.6530
2026-03-25 01:56:27,653 - INFO - [740/3699] Loss: 3.9115
2026-03-25 02:02:09,868 - INFO - [1480/3699] Loss: 3.4609
2026-03-25 02:07:50,079 - INFO - [2220/3699] Loss: 3.2154
2026-03-25 02:13:31,873 - INFO - [2960/3699] Loss: 3.8032
2026-03-25 02:19:06,902 - INFO - 	Loss:	13203.859
2026-03-25 02:19:06,908 - INFO - start predicting: 2026-03-25 02:19:06.908044
2026-03-25 02:20:24,931 - INFO - Best Result:
2026-03-25 02:20:24,937 - INFO - 	Recall@20:	70.5249	MMR@20:	30.8773	Epoch:	4,	5
2026-03-25 02:20:24,937 - INFO - -------------------------------------------------------
2026-03-25 02:20:24,937 - INFO - epoch: 14
2026-03-25 02:20:24,937 - INFO - start training: 2026-03-25 02:20:24.937938
2026-03-25 02:20:26,178 - INFO - [0/3699] Loss: 3.5948
2026-03-25 02:26:03,052 - INFO - [740/3699] Loss: 3.6416
2026-03-25 02:31:42,071 - INFO - [1480/3699] Loss: 3.2344
2026-03-25 02:37:22,773 - INFO - [2220/3699] Loss: 3.5974
2026-03-25 02:43:09,280 - INFO - [2960/3699] Loss: 3.8175
2026-03-25 02:48:49,001 - INFO - 	Loss:	13203.616
2026-03-25 02:48:49,006 - INFO - start predicting: 2026-03-25 02:48:49.006898
2026-03-25 02:50:05,818 - INFO - Best Result:
2026-03-25 02:50:05,818 - INFO - 	Recall@20:	70.5249	MMR@20:	30.8773	Epoch:	4,	5
2026-03-25 02:50:05,818 - INFO - -------------------------------------------------------
2026-03-25 02:50:05,818 - INFO - epoch: 15
2026-03-25 02:50:05,818 - INFO - start training: 2026-03-25 02:50:05.818720
2026-03-25 02:50:07,181 - INFO - [0/3699] Loss: 3.6456
2026-03-25 02:55:48,535 - INFO - [740/3699] Loss: 3.8577
2026-03-25 03:01:25,802 - INFO - [1480/3699] Loss: 3.5596
2026-03-25 03:07:13,566 - INFO - [2220/3699] Loss: 3.5408
2026-03-25 03:12:48,717 - INFO - [2960/3699] Loss: 3.9401
2026-03-25 03:18:27,136 - INFO - 	Loss:	13203.492
2026-03-25 03:18:27,142 - INFO - start predicting: 2026-03-25 03:18:27.141989
2026-03-25 03:19:44,501 - INFO - Best Result:
2026-03-25 03:19:44,507 - INFO - 	Recall@20:	70.5249	MMR@20:	30.8773	Epoch:	4,	5
2026-03-25 03:19:44,507 - INFO - -------------------------------------------------------
2026-03-25 03:19:44,507 - INFO - Run time: 32260.368030 s
2026-03-25 03:19:44,508 - INFO - Log saved to: training_log_20260324_182149.log
