2026-03-29 19:48:48,878 - INFO - Arguments: Namespace(dataset='yoochoose1_64', batchSize=100, hiddenSize=100, epoch=30, lr=0.001, lr_dc=0.1, lr_dc_step=3, l2=1e-05, step=1, patience=10, nonhybrid=False, validation=False, valid_portion=0.1, lambda_cl=0.1, aug_p=0.2, tau=0.1)
2026-03-29 19:48:48,890 - INFO - Đã load thành công từ điển Augmentation: 100 danh mục khả dụng.
2026-03-29 19:49:10,881 - INFO - -------------------------------------------------------
2026-03-29 19:49:10,881 - INFO - epoch: 0
2026-03-29 19:49:10,881 - INFO - start training: 2026-03-29 19:49:10.881873
2026-03-29 19:49:12,761 - INFO - [0/3699] Loss: 10.8189
2026-03-29 19:55:34,554 - INFO - [740/3699] Loss: 5.9068
2026-03-29 20:03:00,843 - INFO - [1480/3699] Loss: 5.0015
2026-03-29 20:14:54,260 - INFO - [2220/3699] Loss: 5.3344
2026-03-29 20:28:06,227 - INFO - [2960/3699] Loss: 5.2727
2026-03-29 20:41:44,730 - INFO - 	Loss:	20109.447
2026-03-29 20:41:44,737 - INFO - start predicting: 2026-03-29 20:41:44.737261
2026-03-29 20:43:32,300 - INFO - Best Result:
2026-03-29 20:43:32,307 - INFO - 	Recall@20:	67.4568	MMR@20:	28.1593	Epoch:	0,	0
2026-03-29 20:43:32,307 - INFO - -------------------------------------------------------
2026-03-29 20:43:32,307 - INFO - epoch: 1
2026-03-29 20:43:32,307 - INFO - start training: 2026-03-29 20:43:32.307675
2026-03-29 20:43:36,379 - INFO - [0/3699] Loss: 4.2572
2026-03-29 20:57:04,701 - INFO - [740/3699] Loss: 4.2411
2026-03-29 21:11:00,805 - INFO - [1480/3699] Loss: 4.1479
2026-03-29 21:24:48,100 - INFO - [2220/3699] Loss: 4.2796
2026-03-29 21:36:39,597 - INFO - [2960/3699] Loss: 4.5533
2026-03-29 21:50:50,606 - INFO - 	Loss:	16144.494
2026-03-29 21:50:50,613 - INFO - start predicting: 2026-03-29 21:50:50.612944
2026-03-29 21:52:32,049 - INFO - Best Result:
2026-03-29 21:52:32,049 - INFO - 	Recall@20:	69.0722	MMR@20:	29.7321	Epoch:	1,	1
2026-03-29 21:52:32,049 - INFO - -------------------------------------------------------
2026-03-29 21:52:32,049 - INFO - epoch: 2
2026-03-29 21:52:32,050 - INFO - start training: 2026-03-29 21:52:32.050379
2026-03-29 21:52:34,974 - INFO - [0/3699] Loss: 3.8194
2026-03-29 22:05:05,212 - INFO - [740/3699] Loss: 3.9470
2026-03-29 22:18:23,034 - INFO - [1480/3699] Loss: 4.6627
2026-03-29 22:29:38,992 - INFO - [2220/3699] Loss: 4.5084
2026-03-29 22:40:23,758 - INFO - [2960/3699] Loss: 4.5850
2026-03-29 22:51:10,142 - INFO - 	Loss:	15190.821
2026-03-29 22:51:10,142 - INFO - start predicting: 2026-03-29 22:51:10.142409
2026-03-29 22:52:33,498 - INFO - Best Result:
2026-03-29 22:52:33,498 - INFO - 	Recall@20:	69.7306	MMR@20:	29.7321	Epoch:	2,	1
2026-03-29 22:52:33,498 - INFO - -------------------------------------------------------
2026-03-29 22:52:33,498 - INFO - epoch: 3
2026-03-29 22:52:33,499 - INFO - start training: 2026-03-29 22:52:33.499140
2026-03-29 22:52:35,365 - INFO - [0/3699] Loss: 3.6512
2026-03-29 23:03:28,406 - INFO - [740/3699] Loss: 3.2431
2026-03-29 23:14:29,285 - INFO - [1480/3699] Loss: 3.6370
2026-03-29 23:25:35,656 - INFO - [2220/3699] Loss: 3.8587
2026-03-29 23:36:11,939 - INFO - [2960/3699] Loss: 3.2301
2026-03-29 23:47:08,829 - INFO - 	Loss:	13399.354
2026-03-29 23:47:08,830 - INFO - start predicting: 2026-03-29 23:47:08.830177
2026-03-29 23:48:50,961 - INFO - Best Result:
2026-03-29 23:48:50,962 - INFO - 	Recall@20:	70.0329	MMR@20:	30.8839	Epoch:	3,	3
2026-03-29 23:48:50,962 - INFO - -------------------------------------------------------
2026-03-29 23:48:50,962 - INFO - epoch: 4
2026-03-29 23:48:50,962 - INFO - start training: 2026-03-29 23:48:50.962346
2026-03-29 23:48:53,746 - INFO - [0/3699] Loss: 3.4818
2026-03-30 02:56:43,827 - INFO - [740/3699] Loss: 3.5871
2026-03-30 08:35:36,984 - INFO - [1480/3699] Loss: 3.1921
2026-03-30 08:47:18,253 - INFO - [2220/3699] Loss: 3.5876
2026-03-30 08:59:20,658 - INFO - [2960/3699] Loss: 3.5106
2026-03-30 09:11:40,590 - INFO - 	Loss:	12971.382
2026-03-30 09:11:40,591 - INFO - start predicting: 2026-03-30 09:11:40.590998
2026-03-30 09:13:37,755 - INFO - Best Result:
2026-03-30 09:13:37,761 - INFO - 	Recall@20:	70.0329	MMR@20:	30.8839	Epoch:	3,	3
2026-03-30 09:13:37,761 - INFO - -------------------------------------------------------
2026-03-30 09:13:37,761 - INFO - epoch: 5
2026-03-30 09:13:37,761 - INFO - start training: 2026-03-30 09:13:37.761876
2026-03-30 09:13:40,152 - INFO - [0/3699] Loss: 3.4088
2026-03-30 09:26:39,594 - INFO - [740/3699] Loss: 3.5995
2026-03-30 09:37:50,568 - INFO - [1480/3699] Loss: 3.3742
2026-03-30 09:49:00,209 - INFO - [2220/3699] Loss: 3.1553
2026-03-30 10:00:04,527 - INFO - [2960/3699] Loss: 3.2599
2026-03-30 10:11:09,241 - INFO - 	Loss:	12726.410
2026-03-30 10:11:09,247 - INFO - start predicting: 2026-03-30 10:11:09.247803
2026-03-30 10:12:33,302 - INFO - Best Result:
2026-03-30 10:12:33,308 - INFO - 	Recall@20:	70.0329	MMR@20:	30.8839	Epoch:	3,	3
2026-03-30 10:12:33,308 - INFO - -------------------------------------------------------
2026-03-30 10:12:33,308 - INFO - epoch: 6
2026-03-30 10:12:33,308 - INFO - start training: 2026-03-30 10:12:33.308561
2026-03-30 10:12:35,091 - INFO - [0/3699] Loss: 3.1115
2026-03-30 10:23:38,630 - INFO - [740/3699] Loss: 3.3783
2026-03-30 10:35:07,550 - INFO - [1480/3699] Loss: 3.0162
2026-03-30 10:46:10,516 - INFO - [2220/3699] Loss: 3.3167
2026-03-30 10:57:31,562 - INFO - [2960/3699] Loss: 3.3871
2026-03-30 11:08:35,671 - INFO - 	Loss:	12359.084
2026-03-30 11:08:35,677 - INFO - start predicting: 2026-03-30 11:08:35.677191
2026-03-30 11:09:59,126 - INFO - Best Result:
2026-03-30 11:09:59,126 - INFO - 	Recall@20:	70.0329	MMR@20:	30.8839	Epoch:	3,	3
2026-03-30 11:09:59,126 - INFO - -------------------------------------------------------
2026-03-30 11:09:59,126 - INFO - epoch: 7
2026-03-30 11:09:59,126 - INFO - start training: 2026-03-30 11:09:59.126837
2026-03-30 11:10:01,780 - INFO - [0/3699] Loss: 3.3263
2026-03-30 11:20:47,295 - INFO - [740/3699] Loss: 3.0389
2026-03-30 13:19:06,106 - INFO - [1480/3699] Loss: 3.2931
