2026-03-29 13:19:23,420 - INFO - Arguments: Namespace(dataset='yoochoose1_64', batchSize=100, hiddenSize=100, epoch=30, lr=0.001, lr_dc=0.1, lr_dc_step=3, l2=1e-05, step=1, patience=10, nonhybrid=False, validation=False, valid_portion=0.1, lambda_cl=0.05, aug_p=0.1, tau=0.1)
2026-03-29 13:19:23,436 - INFO - Đã load thành công từ điển Augmentation: 100 danh mục khả dụng.
2026-03-29 13:19:44,120 - INFO - -------------------------------------------------------
2026-03-29 13:19:44,120 - INFO - epoch: 0
2026-03-29 13:19:44,121 - INFO - start training: 2026-03-29 13:19:44.121017
2026-03-29 13:19:45,752 - INFO - [0/3699] Loss: 10.7057
2026-03-29 13:25:19,736 - INFO - [740/3699] Loss: 5.9258
2026-03-29 13:30:19,451 - INFO - [1480/3699] Loss: 5.1842
2026-03-29 13:40:16,467 - INFO - [2220/3699] Loss: 5.0115
2026-03-29 13:51:16,759 - INFO - [2960/3699] Loss: 4.5566
2026-03-29 14:02:30,364 - INFO - 	Loss:	20383.520
2026-03-29 14:02:30,370 - INFO - start predicting: 2026-03-29 14:02:30.370673
2026-03-29 14:03:55,079 - INFO - Best Result:
2026-03-29 14:03:55,079 - INFO - 	Recall@20:	66.4961	MMR@20:	27.7733	Epoch:	0,	0
2026-03-29 14:03:55,080 - INFO - -------------------------------------------------------
2026-03-29 14:03:55,080 - INFO - epoch: 1
2026-03-29 14:03:55,080 - INFO - start training: 2026-03-29 14:03:55.080219
2026-03-29 14:03:56,785 - INFO - [0/3699] Loss: 4.0762
2026-03-29 14:15:27,427 - INFO - [740/3699] Loss: 4.7399
2026-03-29 14:26:26,807 - INFO - [1480/3699] Loss: 4.3585
2026-03-29 14:37:12,692 - INFO - [2220/3699] Loss: 4.2797
2026-03-29 14:48:07,656 - INFO - [2960/3699] Loss: 4.9614
2026-03-29 14:59:15,972 - INFO - 	Loss:	16349.119
2026-03-29 14:59:15,978 - INFO - start predicting: 2026-03-29 14:59:15.978077
2026-03-29 15:00:40,752 - INFO - Best Result:
2026-03-29 15:00:40,758 - INFO - 	Recall@20:	68.5516	MMR@20:	29.0176	Epoch:	1,	1
2026-03-29 15:00:40,759 - INFO - -------------------------------------------------------
2026-03-29 15:00:40,759 - INFO - epoch: 2
2026-03-29 15:00:40,759 - INFO - start training: 2026-03-29 15:00:40.759543
2026-03-29 15:00:43,026 - INFO - [0/3699] Loss: 4.2569
2026-03-29 15:11:28,783 - INFO - [740/3699] Loss: 3.7229
2026-03-29 15:22:16,505 - INFO - [1480/3699] Loss: 4.1107
2026-03-29 15:33:39,078 - INFO - [2220/3699] Loss: 4.2918
2026-03-29 15:44:52,559 - INFO - [2960/3699] Loss: 4.1074
2026-03-29 15:56:01,852 - INFO - 	Loss:	15386.252
2026-03-29 15:56:01,857 - INFO - start predicting: 2026-03-29 15:56:01.857809
2026-03-29 17:40:03,024 - INFO - Best Result:
2026-03-29 17:40:03,024 - INFO - 	Recall@20:	69.5803	MMR@20:	29.7324	Epoch:	2,	2
2026-03-29 17:40:03,024 - INFO - -------------------------------------------------------
2026-03-29 17:40:03,024 - INFO - epoch: 3
2026-03-29 17:40:03,024 - INFO - start training: 2026-03-29 17:40:03.024452
2026-03-29 17:40:05,779 - INFO - [0/3699] Loss: 3.4239
2026-03-29 17:50:53,837 - INFO - [740/3699] Loss: 3.6274
2026-03-29 18:01:51,468 - INFO - [1480/3699] Loss: 4.2663
2026-03-29 18:13:54,530 - INFO - [2220/3699] Loss: 3.1600
2026-03-29 18:26:44,941 - INFO - [2960/3699] Loss: 3.9783
2026-03-29 18:39:23,148 - INFO - 	Loss:	13694.614
2026-03-29 18:39:23,148 - INFO - start predicting: 2026-03-29 18:39:23.148491
2026-03-29 18:40:57,264 - INFO - Best Result:
2026-03-29 18:40:57,264 - INFO - 	Recall@20:	70.4390	MMR@20:	31.0470	Epoch:	3,	3
2026-03-29 18:40:57,264 - INFO - -------------------------------------------------------
2026-03-29 18:40:57,264 - INFO - epoch: 4
2026-03-29 18:40:57,264 - INFO - start training: 2026-03-29 18:40:57.264607
2026-03-29 18:40:59,760 - INFO - [0/3699] Loss: 3.5444
2026-03-29 18:51:34,537 - INFO - [740/3699] Loss: 3.2678
2026-03-29 19:02:31,624 - INFO - [1480/3699] Loss: 3.3459
2026-03-29 19:15:17,149 - INFO - [2220/3699] Loss: 3.8142
2026-03-29 19:28:30,123 - INFO - [2960/3699] Loss: 3.5757
2026-03-29 19:40:13,645 - INFO - 	Loss:	13306.596
2026-03-29 19:40:13,645 - INFO - start predicting: 2026-03-29 19:40:13.645284
2026-03-29 19:41:53,458 - INFO - Best Result:
2026-03-29 19:41:53,458 - INFO - 	Recall@20:	70.4390	MMR@20:	31.0470	Epoch:	3,	3
2026-03-29 19:41:53,458 - INFO - -------------------------------------------------------
2026-03-29 19:41:53,458 - INFO - epoch: 5
2026-03-29 19:41:53,459 - INFO - start training: 2026-03-29 19:41:53.459135
2026-03-29 19:41:56,665 - INFO - [0/3699] Loss: 3.4088
