2026-03-29 07:26:42,561 - INFO - Arguments: Namespace(dataset='yoochoose1_64', batchSize=100, hiddenSize=100, epoch=30, lr=0.001, lr_dc=0.1, lr_dc_step=3, l2=1e-05, step=1, patience=10, nonhybrid=False, validation=False, valid_portion=0.1, lambda_cl=0.1, aug_p=0.2, tau=0.1)
2026-03-29 07:26:42,573 - INFO - Đã load thành công từ điển Augmentation: 100 danh mục khả dụng.
2026-03-29 07:27:04,253 - INFO - -------------------------------------------------------
2026-03-29 07:27:04,253 - INFO - epoch: 0
2026-03-29 07:27:04,253 - INFO - start training: 2026-03-29 07:27:04.253527
2026-03-29 07:27:06,479 - INFO - [0/3699] Loss: 10.8121
2026-03-29 07:33:00,111 - INFO - [740/3699] Loss: 5.8696
2026-03-29 07:38:20,982 - INFO - [1480/3699] Loss: 4.7322
2026-03-29 07:49:11,015 - INFO - [2220/3699] Loss: 4.7097
2026-03-29 08:00:05,211 - INFO - [2960/3699] Loss: 4.8822
2026-03-29 08:11:14,729 - INFO - 	Loss:	20075.998
2026-03-29 08:11:14,729 - INFO - start predicting: 2026-03-29 08:11:14.729679
2026-03-29 08:12:39,345 - INFO - Best Result:
2026-03-29 08:12:39,345 - INFO - 	Recall@20:	67.3029	MMR@20:	28.5158	Epoch:	0,	0
2026-03-29 08:12:39,345 - INFO - -------------------------------------------------------
2026-03-29 08:12:39,345 - INFO - epoch: 1
2026-03-29 08:12:39,345 - INFO - start training: 2026-03-29 08:12:39.345637
2026-03-29 08:12:41,616 - INFO - [0/3699] Loss: 4.3098
2026-03-29 08:23:12,910 - INFO - [740/3699] Loss: 4.2599
2026-03-29 08:34:09,525 - INFO - [1480/3699] Loss: 4.7451
2026-03-29 08:45:43,275 - INFO - [2220/3699] Loss: 4.0386
2026-03-29 08:57:13,712 - INFO - [2960/3699] Loss: 4.3302
2026-03-29 09:09:15,500 - INFO - 	Loss:	16117.971
2026-03-29 09:09:15,506 - INFO - start predicting: 2026-03-29 09:09:15.506649
2026-03-29 09:10:47,015 - INFO - Best Result:
2026-03-29 09:10:47,016 - INFO - 	Recall@20:	69.2440	MMR@20:	29.6272	Epoch:	1,	1
2026-03-29 09:10:47,016 - INFO - -------------------------------------------------------
2026-03-29 09:10:47,016 - INFO - epoch: 2
2026-03-29 09:10:47,016 - INFO - start training: 2026-03-29 09:10:47.016514
2026-03-29 09:10:49,386 - INFO - [0/3699] Loss: 4.3221
2026-03-29 09:22:14,501 - INFO - [740/3699] Loss: 3.9028
2026-03-29 09:34:11,281 - INFO - [1480/3699] Loss: 4.2122
2026-03-29 09:46:13,251 - INFO - [2220/3699] Loss: 3.9506
2026-03-29 09:58:31,653 - INFO - [2960/3699] Loss: 4.2723
2026-03-29 10:09:46,143 - INFO - 	Loss:	15162.347
2026-03-29 10:09:46,148 - INFO - start predicting: 2026-03-29 10:09:46.148671
2026-03-29 10:11:09,605 - INFO - Best Result:
2026-03-29 10:11:09,605 - INFO - 	Recall@20:	69.5517	MMR@20:	29.8924	Epoch:	2,	2
2026-03-29 10:11:09,605 - INFO - -------------------------------------------------------
2026-03-29 10:11:09,605 - INFO - epoch: 3
2026-03-29 10:11:09,606 - INFO - start training: 2026-03-29 10:11:09.606066
2026-03-29 10:11:12,273 - INFO - [0/3699] Loss: 4.0714
2026-03-29 10:21:48,766 - INFO - [740/3699] Loss: 3.3786
2026-03-29 10:32:42,578 - INFO - [1480/3699] Loss: 3.5072
2026-03-29 10:43:46,192 - INFO - [2220/3699] Loss: 3.5810
2026-03-29 11:22:39,089 - INFO - [2960/3699] Loss: 3.2923
2026-03-29 11:33:29,848 - INFO - 	Loss:	13370.125
2026-03-29 11:33:29,848 - INFO - start predicting: 2026-03-29 11:33:29.848415
2026-03-29 11:34:52,422 - INFO - Best Result:
2026-03-29 11:34:52,422 - INFO - 	Recall@20:	70.1081	MMR@20:	30.9792	Epoch:	3,	3
2026-03-29 11:34:52,422 - INFO - -------------------------------------------------------
2026-03-29 11:34:52,422 - INFO - epoch: 4
2026-03-29 11:34:52,422 - INFO - start training: 2026-03-29 11:34:52.422603
2026-03-29 11:34:54,997 - INFO - [0/3699] Loss: 3.8671
2026-03-29 11:45:58,044 - INFO - [740/3699] Loss: 3.4119
2026-03-29 11:56:40,800 - INFO - [1480/3699] Loss: 3.3628
2026-03-29 12:07:20,329 - INFO - [2220/3699] Loss: 3.1381
2026-03-29 12:17:59,138 - INFO - [2960/3699] Loss: 3.6638
2026-03-29 12:28:48,923 - INFO - 	Loss:	12935.664
2026-03-29 12:28:48,923 - INFO - start predicting: 2026-03-29 12:28:48.923222
2026-03-29 12:30:11,412 - INFO - Best Result:
2026-03-29 12:30:11,413 - INFO - 	Recall@20:	70.1081	MMR@20:	30.9792	Epoch:	3,	3
2026-03-29 12:30:11,413 - INFO - -------------------------------------------------------
2026-03-29 12:30:11,413 - INFO - epoch: 5
2026-03-29 12:30:11,413 - INFO - start training: 2026-03-29 12:30:11.413338
2026-03-29 12:30:13,481 - INFO - [0/3699] Loss: 3.1358
2026-03-29 12:40:59,848 - INFO - [740/3699] Loss: 3.3835
2026-03-29 12:51:46,220 - INFO - [1480/3699] Loss: 3.2010
2026-03-29 13:02:28,815 - INFO - [2220/3699] Loss: 3.4428
2026-03-29 13:14:09,649 - INFO - [2960/3699] Loss: 3.3205
