2026-03-30 14:12:26,661 - INFO - Arguments: Namespace(dataset='yoochoose1_64', batchSize=100, hiddenSize=100, epoch=30, lr=0.001, lr_dc=0.1, lr_dc_step=3, l2=1e-05, step=1, patience=10, nonhybrid=False, validation=False, valid_portion=0.1, lambda_cl=0.05, aug_p=0.1, tau=0.1)
2026-03-30 14:12:26,662 - INFO - Đã load cat_dict. Tổng số danh mục: 94
2026-03-30 14:12:46,108 - INFO - -------------------------------------------------------
2026-03-30 14:12:46,109 - INFO - epoch: 0
2026-03-30 14:12:46,109 - INFO - start training: 2026-03-30 14:12:46.109326
2026-03-30 14:12:48,185 - INFO - [0/3699] Loss: 10.7050
2026-03-30 14:18:15,675 - INFO - [740/3699] Loss: 6.3047
2026-03-30 14:24:56,069 - INFO - [1480/3699] Loss: 5.3172
2026-03-30 14:31:17,535 - INFO - [2220/3699] Loss: 4.8892
2026-03-30 14:36:26,378 - INFO - [2960/3699] Loss: 4.6271
2026-03-30 14:42:14,002 - INFO - 	Loss:	20853.020
2026-03-30 14:42:14,003 - INFO - start predicting: 2026-03-30 14:42:14.002958
2026-03-30 14:42:55,729 - INFO - Best Result:
2026-03-30 14:42:55,731 - INFO - 	Recall@20:	65.8270	MMR@20:	27.4472	Epoch:	0,	0
2026-03-30 14:42:55,731 - INFO - -------------------------------------------------------
2026-03-30 14:42:55,731 - INFO - epoch: 1
2026-03-30 14:42:55,732 - INFO - start training: 2026-03-30 14:42:55.732173
2026-03-30 14:42:58,016 - INFO - [0/3699] Loss: 4.1973
2026-03-30 14:48:00,868 - INFO - [740/3699] Loss: 4.5784
2026-03-30 14:52:54,964 - INFO - [1480/3699] Loss: 4.2944
2026-03-30 14:57:56,906 - INFO - [2220/3699] Loss: 5.0432
2026-03-30 15:03:21,439 - INFO - [2960/3699] Loss: 4.8368
2026-03-30 15:09:18,339 - INFO - 	Loss:	16697.393
2026-03-30 15:09:18,345 - INFO - start predicting: 2026-03-30 15:09:18.345140
2026-03-30 15:10:10,938 - INFO - Best Result:
2026-03-30 15:10:10,938 - INFO - 	Recall@20:	68.5785	MMR@20:	28.7229	Epoch:	1,	1
2026-03-30 15:10:10,938 - INFO - -------------------------------------------------------
2026-03-30 15:10:10,939 - INFO - epoch: 2
2026-03-30 15:10:10,939 - INFO - start training: 2026-03-30 15:10:10.939463
2026-03-30 15:10:13,325 - INFO - [0/3699] Loss: 3.8775
2026-03-30 15:16:13,603 - INFO - [740/3699] Loss: 4.5630
2026-03-30 15:22:23,392 - INFO - [1480/3699] Loss: 4.5667
2026-03-30 15:27:38,461 - INFO - [2220/3699] Loss: 4.1266
2026-03-30 15:32:58,761 - INFO - [2960/3699] Loss: 4.0258
2026-03-30 15:38:48,949 - INFO - 	Loss:	15664.206
2026-03-30 15:38:48,954 - INFO - start predicting: 2026-03-30 15:38:48.954760
2026-03-30 15:39:24,642 - INFO - Best Result:
2026-03-30 15:39:24,648 - INFO - 	Recall@20:	69.1563	MMR@20:	29.6125	Epoch:	2,	2
2026-03-30 15:39:24,648 - INFO - -------------------------------------------------------
2026-03-30 15:39:24,648 - INFO - epoch: 3
2026-03-30 15:39:24,648 - INFO - start training: 2026-03-30 15:39:24.648726
2026-03-30 15:39:26,465 - INFO - [0/3699] Loss: 3.8268
2026-03-30 15:45:45,160 - INFO - [740/3699] Loss: 3.4947
2026-03-30 15:51:21,059 - INFO - [1480/3699] Loss: 3.7316
2026-03-30 15:57:13,347 - INFO - [2220/3699] Loss: 4.0197
2026-03-30 16:03:06,953 - INFO - [2960/3699] Loss: 3.7995
2026-03-30 16:08:13,414 - INFO - 	Loss:	14003.272
2026-03-30 16:08:13,416 - INFO - start predicting: 2026-03-30 16:08:13.416576
2026-03-30 16:08:49,565 - INFO - Best Result:
2026-03-30 16:08:49,565 - INFO - 	Recall@20:	70.4211	MMR@20:	30.7805	Epoch:	3,	3
2026-03-30 16:08:49,566 - INFO - -------------------------------------------------------
2026-03-30 16:08:49,566 - INFO - epoch: 4
2026-03-30 16:08:49,566 - INFO - start training: 2026-03-30 16:08:49.566289
2026-03-30 16:08:50,937 - INFO - [0/3699] Loss: 3.5298
2026-03-30 16:13:44,205 - INFO - [740/3699] Loss: 3.6666
2026-03-30 16:18:47,786 - INFO - [1480/3699] Loss: 3.3918
2026-03-30 16:23:50,197 - INFO - [2220/3699] Loss: 3.7126
2026-03-30 16:28:47,020 - INFO - [2960/3699] Loss: 3.9783
2026-03-30 16:33:39,231 - INFO - 	Loss:	13638.252
2026-03-30 16:33:39,237 - INFO - start predicting: 2026-03-30 16:33:39.237466
2026-03-30 16:34:15,553 - INFO - Best Result:
2026-03-30 16:34:15,553 - INFO - 	Recall@20:	70.4211	MMR@20:	30.7805	Epoch:	3,	3
2026-03-30 16:34:15,553 - INFO - -------------------------------------------------------
2026-03-30 16:34:15,554 - INFO - epoch: 5
2026-03-30 16:34:15,554 - INFO - start training: 2026-03-30 16:34:15.554097
2026-03-30 16:34:17,867 - INFO - [0/3699] Loss: 3.2867
2026-03-30 16:39:07,999 - INFO - [740/3699] Loss: 3.5928
2026-03-30 16:44:01,384 - INFO - [1480/3699] Loss: 3.6671
2026-03-30 16:48:57,427 - INFO - [2220/3699] Loss: 4.1377
2026-03-30 16:53:53,348 - INFO - [2960/3699] Loss: 3.4427
2026-03-30 16:58:49,105 - INFO - 	Loss:	13438.868
2026-03-30 16:58:49,111 - INFO - start predicting: 2026-03-30 16:58:49.111023
2026-03-30 16:59:24,490 - INFO - Best Result:
2026-03-30 16:59:24,491 - INFO - 	Recall@20:	70.4211	MMR@20:	30.7819	Epoch:	3,	5
2026-03-30 16:59:24,491 - INFO - -------------------------------------------------------
2026-03-30 16:59:24,491 - INFO - epoch: 6
2026-03-30 16:59:24,491 - INFO - start training: 2026-03-30 16:59:24.491408
2026-03-30 16:59:25,976 - INFO - [0/3699] Loss: 3.7303
2026-03-30 17:04:14,131 - INFO - [740/3699] Loss: 3.7451
2026-03-30 17:09:08,184 - INFO - [1480/3699] Loss: 3.5274
2026-03-30 17:14:02,549 - INFO - [2220/3699] Loss: 3.1061
2026-03-30 17:19:03,350 - INFO - [2960/3699] Loss: 3.4034
2026-03-30 17:23:55,000 - INFO - 	Loss:	13108.719
2026-03-30 17:23:55,006 - INFO - start predicting: 2026-03-30 17:23:55.006569
2026-03-30 17:24:30,649 - INFO - Best Result:
2026-03-30 17:24:30,650 - INFO - 	Recall@20:	70.4211	MMR@20:	30.8273	Epoch:	3,	6
2026-03-30 17:24:30,650 - INFO - -------------------------------------------------------
2026-03-30 17:24:30,650 - INFO - epoch: 7
2026-03-30 17:24:30,650 - INFO - start training: 2026-03-30 17:24:30.650315
2026-03-30 17:24:32,193 - INFO - [0/3699] Loss: 3.4912
2026-03-30 17:29:17,899 - INFO - [740/3699] Loss: 3.0815
2026-03-30 17:34:09,873 - INFO - [1480/3699] Loss: 3.6790
2026-03-30 17:38:58,076 - INFO - [2220/3699] Loss: 3.5983
2026-03-30 17:43:53,757 - INFO - [2960/3699] Loss: 3.3790
2026-03-30 17:48:50,028 - INFO - 	Loss:	13076.254
2026-03-30 17:48:50,034 - INFO - start predicting: 2026-03-30 17:48:50.034333
2026-03-30 17:49:25,384 - INFO - Best Result:
2026-03-30 17:49:25,384 - INFO - 	Recall@20:	70.4211	MMR@20:	30.8273	Epoch:	3,	6
2026-03-30 17:49:25,384 - INFO - -------------------------------------------------------
2026-03-30 17:49:25,384 - INFO - epoch: 8
2026-03-30 17:49:25,384 - INFO - start training: 2026-03-30 17:49:25.384531
2026-03-30 17:49:26,845 - INFO - [0/3699] Loss: 3.7497
2026-03-30 17:54:14,703 - INFO - [740/3699] Loss: 3.6805
2026-03-30 17:58:57,488 - INFO - [1480/3699] Loss: 3.4337
2026-03-30 18:03:52,209 - INFO - [2220/3699] Loss: 3.4702
2026-03-30 18:08:44,590 - INFO - [2960/3699] Loss: 3.5328
2026-03-30 18:13:41,925 - INFO - 	Loss:	13051.954
2026-03-30 18:13:41,931 - INFO - start predicting: 2026-03-30 18:13:41.931281
2026-03-30 18:14:17,346 - INFO - Best Result:
2026-03-30 18:14:17,346 - INFO - 	Recall@20:	70.4211	MMR@20:	30.8273	Epoch:	3,	6
2026-03-30 18:14:17,346 - INFO - -------------------------------------------------------
2026-03-30 18:14:17,346 - INFO - epoch: 9
2026-03-30 18:14:17,346 - INFO - start training: 2026-03-30 18:14:17.346548
2026-03-30 18:14:18,823 - INFO - [0/3699] Loss: 3.6137
2026-03-30 18:18:58,717 - INFO - [740/3699] Loss: 3.3171
2026-03-30 18:23:46,161 - INFO - [1480/3699] Loss: 3.1692
2026-03-30 18:28:44,339 - INFO - [2220/3699] Loss: 3.3069
2026-03-30 18:33:31,035 - INFO - [2960/3699] Loss: 3.4843
2026-03-30 18:38:26,167 - INFO - 	Loss:	13009.808
2026-03-30 18:38:26,167 - INFO - start predicting: 2026-03-30 18:38:26.167839
2026-03-30 18:39:01,616 - INFO - Best Result:
2026-03-30 18:39:01,617 - INFO - 	Recall@20:	70.4211	MMR@20:	30.8273	Epoch:	3,	6
2026-03-30 18:39:01,617 - INFO - -------------------------------------------------------
2026-03-30 18:39:01,617 - INFO - epoch: 10
2026-03-30 18:39:01,617 - INFO - start training: 2026-03-30 18:39:01.617300
2026-03-30 18:39:03,172 - INFO - [0/3699] Loss: 3.7274
2026-03-31 08:15:02,968 - INFO - [740/3699] Loss: 3.6174
2026-03-31 08:20:31,874 - INFO - [1480/3699] Loss: 3.3827
2026-03-31 08:25:34,465 - INFO - [2220/3699] Loss: 3.3542
