2026-03-25 10:52:15,299 - INFO - Arguments: Namespace(dataset='yoochoose1_64', batchSize=100, hiddenSize=100, epoch=30, lr=0.001, lr_dc=0.1, lr_dc_step=3, l2=1e-05, step=1, patience=10, nonhybrid=False, validation=False, valid_portion=0.1)
2026-03-25 10:52:38,724 - INFO - -------------------------------------------------------
2026-03-25 10:52:38,724 - INFO - epoch: 0
2026-03-25 10:52:38,725 - INFO - start training: 2026-03-25 10:52:38.724999
2026-03-25 10:52:40,750 - INFO - [0/3699] Loss: 10.5234
2026-03-25 10:56:15,512 - INFO - [740/3699] Loss: 6.9530
2026-03-25 10:59:31,244 - INFO - [1480/3699] Loss: 5.5642
2026-03-25 11:04:37,521 - INFO - [2220/3699] Loss: 5.4118
2026-03-25 11:10:17,772 - INFO - [2960/3699] Loss: 4.8325
2026-03-25 11:15:42,627 - INFO - 	Loss:	20957.074
2026-03-25 11:15:42,627 - INFO - start predicting: 2026-03-25 11:15:42.627694
2026-03-25 11:16:56,391 - INFO - Best Result:
2026-03-25 11:16:56,391 - INFO - 	Recall@20:	65.2975	MMR@20:	27.0736	Epoch:	0,	0
2026-03-25 11:16:56,391 - INFO - -------------------------------------------------------
2026-03-25 11:16:56,391 - INFO - epoch: 1
2026-03-25 11:16:56,392 - INFO - start training: 2026-03-25 11:16:56.392049
2026-03-25 11:16:58,224 - INFO - [0/3699] Loss: 4.5090
2026-03-25 11:22:15,666 - INFO - [740/3699] Loss: 4.3234
2026-03-25 11:27:53,081 - INFO - [1480/3699] Loss: 4.7998
2026-03-25 11:33:24,143 - INFO - [2220/3699] Loss: 4.2942
2026-03-25 11:38:49,704 - INFO - [2960/3699] Loss: 4.1411
2026-03-25 11:44:33,488 - INFO - 	Loss:	16619.424
2026-03-25 11:44:33,489 - INFO - start predicting: 2026-03-25 11:44:33.489152
2026-03-25 11:45:50,357 - INFO - Best Result:
2026-03-25 11:45:50,358 - INFO - 	Recall@20:	68.4211	MMR@20:	28.7554	Epoch:	1,	1
2026-03-25 11:45:50,358 - INFO - -------------------------------------------------------
2026-03-25 11:45:50,358 - INFO - epoch: 2
2026-03-25 11:45:50,358 - INFO - start training: 2026-03-25 11:45:50.358380
2026-03-25 11:45:51,958 - INFO - [0/3699] Loss: 4.1678
2026-03-25 11:51:25,989 - INFO - [740/3699] Loss: 4.2987
2026-03-25 11:57:01,277 - INFO - [1480/3699] Loss: 4.3462
2026-03-25 12:02:36,166 - INFO - [2220/3699] Loss: 4.8875
2026-03-25 12:08:20,508 - INFO - [2960/3699] Loss: 4.5493
2026-03-25 12:14:02,742 - INFO - 	Loss:	15553.659
2026-03-25 12:14:02,742 - INFO - start predicting: 2026-03-25 12:14:02.742607
2026-03-25 12:15:21,219 - INFO - Best Result:
2026-03-25 12:15:21,219 - INFO - 	Recall@20:	69.4390	MMR@20:	29.7389	Epoch:	2,	2
2026-03-25 12:15:21,220 - INFO - -------------------------------------------------------
2026-03-25 12:15:21,220 - INFO - epoch: 3
2026-03-25 12:15:21,220 - INFO - start training: 2026-03-25 12:15:21.220212
2026-03-25 12:15:22,742 - INFO - [0/3699] Loss: 3.4746
2026-03-25 12:21:07,813 - INFO - [740/3699] Loss: 3.9547
2026-03-25 12:26:55,924 - INFO - [1480/3699] Loss: 3.6615
2026-03-25 12:32:41,396 - INFO - [2220/3699] Loss: 3.7815
2026-03-25 12:38:23,720 - INFO - [2960/3699] Loss: 3.7467
2026-03-25 12:44:01,857 - INFO - 	Loss:	13954.336
2026-03-25 12:44:01,857 - INFO - start predicting: 2026-03-25 12:44:01.857929
2026-03-25 12:45:20,001 - INFO - Best Result:
2026-03-25 12:45:20,002 - INFO - 	Recall@20:	70.6179	MMR@20:	31.0085	Epoch:	3,	3
2026-03-25 12:45:20,002 - INFO - -------------------------------------------------------
2026-03-25 12:45:20,002 - INFO - epoch: 4
2026-03-25 12:45:20,002 - INFO - start training: 2026-03-25 12:45:20.002665
2026-03-25 12:45:21,616 - INFO - [0/3699] Loss: 4.2637
2026-03-25 12:51:08,873 - INFO - [740/3699] Loss: 3.6031
2026-03-25 12:56:51,369 - INFO - [1480/3699] Loss: 3.8096
2026-03-25 13:02:39,528 - INFO - [2220/3699] Loss: 3.4973
2026-03-25 13:08:40,146 - INFO - [2960/3699] Loss: 3.6378
2026-03-25 13:14:42,700 - INFO - 	Loss:	13614.040
2026-03-25 13:14:42,700 - INFO - start predicting: 2026-03-25 13:14:42.700754
2026-03-25 13:16:11,454 - INFO - Best Result:
2026-03-25 13:16:11,454 - INFO - 	Recall@20:	70.6179	MMR@20:	31.0085	Epoch:	3,	3
2026-03-25 13:16:11,455 - INFO - -------------------------------------------------------
2026-03-25 13:16:11,455 - INFO - epoch: 5
2026-03-25 13:16:11,460 - INFO - start training: 2026-03-25 13:16:11.460834
2026-03-25 13:16:13,149 - INFO - [0/3699] Loss: 3.3705
2026-03-25 13:22:46,643 - INFO - [740/3699] Loss: 3.6892
2026-03-25 13:28:49,945 - INFO - [1480/3699] Loss: 3.3788
2026-03-25 13:35:35,137 - INFO - [2220/3699] Loss: 3.5875
2026-03-25 13:41:37,905 - INFO - [2960/3699] Loss: 3.5282
2026-03-25 13:47:51,302 - INFO - 	Loss:	13431.911
2026-03-25 13:47:51,309 - INFO - start predicting: 2026-03-25 13:47:51.309155
2026-03-25 13:49:15,685 - INFO - Best Result:
2026-03-25 13:49:15,685 - INFO - 	Recall@20:	70.6179	MMR@20:	31.0085	Epoch:	3,	3
2026-03-25 13:49:15,685 - INFO - -------------------------------------------------------
2026-03-25 13:49:15,685 - INFO - epoch: 6
2026-03-25 13:49:15,685 - INFO - start training: 2026-03-25 13:49:15.685533
2026-03-25 13:49:17,462 - INFO - [0/3699] Loss: 3.6202
2026-03-25 13:55:19,054 - INFO - [740/3699] Loss: 3.9172
2026-03-25 14:00:47,997 - INFO - [1480/3699] Loss: 3.4414
2026-03-25 14:06:35,969 - INFO - [2220/3699] Loss: 3.6875
2026-03-25 14:12:49,877 - INFO - [2960/3699] Loss: 3.8427
2026-03-25 14:18:38,873 - INFO - 	Loss:	13124.239
2026-03-25 14:18:38,879 - INFO - start predicting: 2026-03-25 14:18:38.879138
2026-03-25 14:19:58,080 - INFO - Best Result:
2026-03-25 14:19:58,086 - INFO - 	Recall@20:	70.6179	MMR@20:	31.0085	Epoch:	3,	3
2026-03-25 14:19:58,086 - INFO - -------------------------------------------------------
2026-03-25 14:19:58,086 - INFO - epoch: 7
2026-03-25 14:19:58,087 - INFO - start training: 2026-03-25 14:19:58.087059
2026-03-25 14:19:59,853 - INFO - [0/3699] Loss: 3.6574
2026-03-25 14:25:52,208 - INFO - [740/3699] Loss: 3.8691
2026-03-25 14:31:27,425 - INFO - [1480/3699] Loss: 3.4257
2026-03-25 14:37:09,234 - INFO - [2220/3699] Loss: 3.5890
2026-03-25 14:42:37,503 - INFO - [2960/3699] Loss: 3.5686
2026-03-25 14:48:25,233 - INFO - 	Loss:	13094.467
2026-03-25 14:48:25,239 - INFO - start predicting: 2026-03-25 14:48:25.239787
2026-03-25 14:49:45,367 - INFO - Best Result:
2026-03-25 14:49:45,373 - INFO - 	Recall@20:	70.6179	MMR@20:	31.0085	Epoch:	3,	3
2026-03-25 14:49:45,373 - INFO - -------------------------------------------------------
2026-03-25 14:49:45,373 - INFO - epoch: 8
2026-03-25 14:49:45,373 - INFO - start training: 2026-03-25 14:49:45.373836
2026-03-25 14:49:47,576 - INFO - [0/3699] Loss: 3.3407
2026-03-25 14:55:48,083 - INFO - [740/3699] Loss: 3.8168
2026-03-25 15:01:48,355 - INFO - [1480/3699] Loss: 3.4599
2026-03-25 15:07:58,663 - INFO - [2220/3699] Loss: 2.9631
2026-03-25 15:13:53,457 - INFO - [2960/3699] Loss: 3.8995
2026-03-25 15:19:50,939 - INFO - 	Loss:	13072.452
2026-03-25 15:19:50,940 - INFO - start predicting: 2026-03-25 15:19:50.940029
2026-03-25 15:21:16,181 - INFO - Best Result:
2026-03-25 15:21:16,187 - INFO - 	Recall@20:	70.6179	MMR@20:	31.0085	Epoch:	3,	3
2026-03-25 15:21:16,187 - INFO - -------------------------------------------------------
2026-03-25 15:21:16,187 - INFO - epoch: 9
2026-03-25 15:21:16,188 - INFO - start training: 2026-03-25 15:21:16.188106
2026-03-25 15:21:17,813 - INFO - [0/3699] Loss: 3.4840
2026-03-25 15:27:19,045 - INFO - [740/3699] Loss: 3.7657
2026-03-25 15:33:22,408 - INFO - [1480/3699] Loss: 3.3634
2026-03-25 15:39:28,622 - INFO - [2220/3699] Loss: 3.5003
2026-03-25 15:45:30,731 - INFO - [2960/3699] Loss: 3.3427
2026-03-25 15:52:15,455 - INFO - 	Loss:	13033.394
2026-03-25 15:52:15,460 - INFO - start predicting: 2026-03-25 15:52:15.460915
2026-03-25 15:53:34,526 - INFO - Best Result:
2026-03-25 15:53:34,526 - INFO - 	Recall@20:	70.6179	MMR@20:	31.0085	Epoch:	3,	3
2026-03-25 15:53:34,526 - INFO - -------------------------------------------------------
2026-03-25 15:53:34,526 - INFO - epoch: 10
2026-03-25 15:53:34,526 - INFO - start training: 2026-03-25 15:53:34.526818
2026-03-25 15:53:36,063 - INFO - [0/3699] Loss: 3.2414
2026-03-25 15:59:21,663 - INFO - [740/3699] Loss: 3.2666
2026-03-25 16:05:17,746 - INFO - [1480/3699] Loss: 3.9165
2026-03-25 16:11:00,652 - INFO - [2220/3699] Loss: 3.9734
2026-03-25 16:16:56,587 - INFO - [2960/3699] Loss: 3.8764
2026-03-25 18:18:49,251 - INFO - 	Loss:	13031.254
2026-03-25 18:18:49,257 - INFO - start predicting: 2026-03-25 18:18:49.257446
2026-03-25 18:20:06,708 - INFO - Best Result:
2026-03-25 18:20:06,708 - INFO - 	Recall@20:	70.6179	MMR@20:	31.0085	Epoch:	3,	3
2026-03-25 18:20:06,709 - INFO - -------------------------------------------------------
2026-03-25 18:20:06,709 - INFO - epoch: 11
2026-03-25 18:20:06,709 - INFO - start training: 2026-03-25 18:20:06.709233
2026-03-25 18:20:08,633 - INFO - [0/3699] Loss: 3.5442
2026-03-25 18:25:43,839 - INFO - [740/3699] Loss: 3.4235
2026-03-25 18:31:30,018 - INFO - [1480/3699] Loss: 3.4709
2026-03-25 18:37:12,633 - INFO - [2220/3699] Loss: 3.7242
2026-03-25 18:42:54,105 - INFO - [2960/3699] Loss: 3.5942
2026-03-25 18:49:59,586 - INFO - 	Loss:	13029.117
2026-03-25 18:49:59,592 - INFO - start predicting: 2026-03-25 18:49:59.592251
2026-03-25 18:51:26,849 - INFO - Best Result:
2026-03-25 18:51:26,849 - INFO - 	Recall@20:	70.6179	MMR@20:	31.0085	Epoch:	3,	3
2026-03-25 18:51:26,849 - INFO - -------------------------------------------------------
2026-03-25 18:51:26,850 - INFO - epoch: 12
2026-03-25 18:51:26,850 - INFO - start training: 2026-03-25 18:51:26.850154
2026-03-25 18:51:28,756 - INFO - [0/3699] Loss: 3.5304
2026-03-25 18:58:09,437 - INFO - [740/3699] Loss: 3.1194
2026-03-25 19:04:50,422 - INFO - [1480/3699] Loss: 3.1946
2026-03-25 19:11:52,195 - INFO - [2220/3699] Loss: 3.5810
2026-03-25 19:18:20,415 - INFO - [2960/3699] Loss: 3.3463
2026-03-25 19:24:49,795 - INFO - 	Loss:	13025.089
2026-03-25 19:24:49,796 - INFO - start predicting: 2026-03-25 19:24:49.796114
2026-03-25 19:26:19,137 - INFO - Best Result:
2026-03-25 19:26:19,138 - INFO - 	Recall@20:	70.6179	MMR@20:	31.0085	Epoch:	3,	3
2026-03-25 19:26:19,138 - INFO - -------------------------------------------------------
2026-03-25 19:26:19,139 - INFO - epoch: 13
2026-03-25 19:26:19,139 - INFO - start training: 2026-03-25 19:26:19.139144
2026-03-25 19:26:21,022 - INFO - [0/3699] Loss: 3.4954
2026-03-25 19:33:04,070 - INFO - [740/3699] Loss: 4.0756
2026-03-25 19:39:45,127 - INFO - [1480/3699] Loss: 3.9717
2026-03-25 19:46:43,691 - INFO - [2220/3699] Loss: 3.5192
2026-03-25 19:53:27,044 - INFO - [2960/3699] Loss: 3.5749
2026-03-25 20:00:10,519 - INFO - 	Loss:	13025.181
2026-03-25 20:00:10,520 - INFO - start predicting: 2026-03-25 20:00:10.520037
2026-03-25 20:01:39,810 - INFO - Best Result:
2026-03-25 20:01:39,810 - INFO - 	Recall@20:	70.6179	MMR@20:	31.0085	Epoch:	3,	3
2026-03-25 20:01:39,810 - INFO - -------------------------------------------------------
2026-03-25 20:01:39,810 - INFO - Run time: 32941.085866 s
2026-03-25 20:01:39,810 - INFO - Log saved to: training_log_20260325_105215.log
